{
  "RSpec": {
    "coverage": {
      "/Users/tlroys/Desktop/VittleVitals/app/models/user.rb": [
        1,
        null,
        null,
        1,
        null,
        null,
        1,
        null,
        1,
        null,
        1,
        1,
        null,
        1,
        1,
        null,
        null
      ],
      "/Users/tlroys/Desktop/VittleVitals/app/helpers/application_helper.rb": [
        1,
        null,
        null
      ],
      "/Users/tlroys/Desktop/VittleVitals/app/helpers/recipe_helper.rb": [
        1,
        1,
        null,
        null,
        null
      ],
      "/Users/tlroys/Desktop/VittleVitals/app/models/recipe.rb": [
        1,
        1,
        1,
        null,
        1,
        1,
        null,
        1,
        null,
        1,
        1,
        null,
        1,
        0,
        0,
        0,
        0,
        0,
        0,
        0,
        null,
        0,
        null,
        0,
        null,
        null,
        null,
        1,
        0,
        0,
        null,
        0,
        0,
        0,
        0,
        0,
        0,
        null,
        0,
        null,
        null,
        null,
        null,
        0,
        0,
        null,
        null,
        null,
        1,
        0,
        null,
        null,
        1,
        0,
        null,
        null,
        null,
        1,
        0,
        null,
        null,
        null,
        null,
        null,
        null,
        null,
        null,
        null,
        null,
        null,
        null,
        null,
        null,
        null,
        null,
        null
      ],
      "/Users/tlroys/Desktop/VittleVitals/app/controllers/welcome_controller.rb": [
        1,
        1,
        11,
        null,
        null
      ],
      "/Users/tlroys/Desktop/VittleVitals/app/controllers/application_controller.rb": [
        1,
        null,
        null,
        1,
        null,
        null
      ],
      "/Users/tlroys/Desktop/VittleVitals/app/models/collected_recipe.rb": [
        1,
        null,
        1,
        null,
        1,
        null,
        1,
        null
      ],
      "/Users/tlroys/Desktop/VittleVitals/app/controllers/collected_recipes_controller.rb": [
        1,
        1,
        2,
        0,
        0,
        0,
        0,
        null,
        0,
        null,
        null,
        2,
        null,
        2,
        null,
        null
      ],
      "/Users/tlroys/Desktop/VittleVitals/app/controllers/user_recipes_controller.rb": [
        1,
        1,
        6,
        6,
        6,
        null,
        0,
        null,
        null,
        null
      ],
      "/Users/tlroys/Desktop/VittleVitals/app/controllers/scheduled_recipes_controller.rb": [
        1,
        1,
        3,
        3,
        null,
        null,
        null,
        null,
        null,
        null,
        null,
        0,
        0,
        null,
        null,
        null,
        1,
        2,
        2,
        null,
        null,
        1,
        0,
        null,
        null,
        0,
        null,
        0,
        null,
        null,
        1,
        15,
        15,
        null,
        2,
        null,
        15,
        null,
        null,
        1,
        1,
        2,
        null,
        null
      ],
      "/Users/tlroys/Desktop/VittleVitals/app/models/scheduled_recipe.rb": [
        1,
        1,
        1,
        null,
        1,
        1,
        null,
        null
      ],
      "/Users/tlroys/Desktop/VittleVitals/app/controllers/recipes_controller.rb": [
        1,
        1,
        0,
        0,
        null,
        0,
        null,
        null,
        null,
        null,
        null,
        1,
        2,
        null,
        null,
        null,
        null,
        null,
        null
      ],
      "/Users/tlroys/Desktop/VittleVitals/app/models/ingredient.rb": [
        1,
        1,
        1,
        null,
        1,
        null,
        1,
        1,
        1,
        1,
        null,
        1,
        null,
        null,
        null,
        1,
        0,
        null,
        0,
        0,
        0,
        0,
        0,
        0,
        null,
        0,
        null,
        null,
        0,
        null,
        null,
        null,
        1,
        0,
        null,
        0,
        null,
        null,
        null,
        null,
        null,
        null,
        null,
        null,
        null,
        null,
        null,
        null,
        null,
        null,
        null,
        null,
        null,
        null,
        null,
        null,
        null,
        null,
        null,
        null,
        null,
        null,
        null,
        null,
        null,
        null,
        null,
        null,
        null,
        null,
        null,
        null,
        null,
        null,
        null,
        null,
        null,
        null,
        null,
        null,
        null,
        null,
        null,
        null,
        null,
        null,
        null,
        null,
        null,
        0,
        0,
        0,
        0,
        0,
        0,
        null,
        null,
        null,
        null,
        null
      ],
      "/Users/tlroys/Desktop/VittleVitals/app/models/nutrition_information.rb": [
        1,
        null,
        1,
        null,
        null,
        null,
        null,
        null,
        null,
        null,
        null,
        null,
        null
      ],
      "/Users/tlroys/Desktop/VittleVitals/app/models/recipe_ingredient.rb": [
        1,
        1,
        1,
        null,
        1,
        null,
        null
      ],
      "/Users/tlroys/Desktop/VittleVitals/app/controllers/grocerylists_controller.rb": [
        1,
        1,
        1,
        1,
        1,
        1,
        null,
        0,
        null,
        null,
        null,
        null,
        1,
        1,
        null,
        1,
        3,
        3,
        null,
        null,
        null,
        null,
        null,
        1,
        null,
        null,
        null,
        1,
        3,
        3,
        3,
        3,
        2,
        null,
        null,
        0,
        null,
        null,
        null,
        1,
        1,
        1,
        1,
        0,
        null,
        null,
        1,
        null,
        null,
        null,
        null,
        null
      ],
      "/Users/tlroys/Desktop/VittleVitals/app/models/grocery_list.rb": [
        1,
        null,
        1,
        null,
        1,
        1,
        null,
        1,
        1,
        null,
        1,
        null,
        1,
        null
      ],
      "/Users/tlroys/Desktop/VittleVitals/app/models/grocery_list_recipe.rb": [
        1,
        1,
        1,
        null,
        1,
        null,
        null
      ],
      "/Users/tlroys/Desktop/VittleVitals/app/models/grocery_list_ingredient.rb": [
        1,
        1,
        1,
        null,
        1,
        null,
        null
      ]
    },
    "timestamp": 1395767193
  }
}
